<?xml version="1.0" encoding="UTF-8"?>
<!-- Generated by org.testng.reporters.JUnitXMLReporter -->
<testsuite ignored="0" hostname="cruz" failures="0" tests="6" name="Default test" time="11.773" errors="0" timestamp="2024-06-30T13:09:24 MST">
  <testcase classname="datadriven.Datadriventestng" name="loginTest" time="1.329"/>
  <testcase classname="datadriven.Datadriventestng" name="loginTest" time="0.512"/>
  <testcase classname="datadriven.Datadriventestng" name="loginTest" time="0.408"/>
  <testcase classname="datadriven.Datadriventestng" name="loginTest" time="5.487"/>
  <testcase classname="datadriven.Datadriventestng" name="loginTest" time="0.383"/>
  <testcase classname="datadriven.Datadriventestng" name="loginTest" time="0.357"/>
</testsuite> <!-- Default test -->
