<?xml version="1.0" encoding="UTF-8"?>
<testng-results ignored="0" total="1" passed="1" failed="0" skipped="0">
  <reporter-output>
  </reporter-output>
  <suite started-at="2024-08-30T21:32:24 MDT" name="Default suite" finished-at="2024-08-30T21:32:50 MDT" duration-ms="26506">
    <groups>
    </groups>
    <test started-at="2024-08-30T21:32:24 MDT" name="Default test" finished-at="2024-08-30T21:32:50 MDT" duration-ms="26506">
      <class name="myproect.SAUCELAB">
        <test-method signature="login()[pri:0, instance:myproect.SAUCELAB@158da8e]" started-at="2024-08-30T21:32:24 MDT" name="login" finished-at="2024-08-30T21:32:50 MDT" duration-ms="26456" status="PASS">
          <reporter-output>
          </reporter-output>
        </test-method> <!-- login -->
      </class> <!-- myproect.SAUCELAB -->
    </test> <!-- Default test -->
  </suite> <!-- Default suite -->
</testng-results>
