<?xml version="1.0" encoding="UTF-8"?>
<testng-results ignored="0" total="6" passed="6" failed="0" skipped="0">
  <reporter-output>
  </reporter-output>
  <suite started-at="2024-06-30T13:09:12 MST" name="Default suite" finished-at="2024-06-30T13:09:24 MST" duration-ms="11773">
    <groups>
    </groups>
    <test started-at="2024-06-30T13:09:12 MST" name="Default test" finished-at="2024-06-30T13:09:24 MST" duration-ms="11773">
      <class name="datadriven.Datadriventestng">
        <test-method is-config="true" signature="setup()[pri:0, instance:datadriven.Datadriventestng@233795b6]" started-at="2024-06-30T13:09:12 MST" name="setup" finished-at="2024-06-30T13:09:15 MST" duration-ms="2766" status="PASS">
          <reporter-output>
          </reporter-output>
        </test-method> <!-- setup -->
        <test-method signature="loginTest(java.lang.String,java.lang.String,java.lang.String)[pri:0, instance:datadriven.Datadriventestng@233795b6]" started-at="2024-06-30T13:09:15 MST" name="loginTest" data-provider="LoginData" finished-at="2024-06-30T13:09:16 MST" duration-ms="1329" status="PASS">
          <params>
            <param index="0">
              <value>
                <![CDATA[standard_user]]>
              </value>
            </param>
            <param index="1">
              <value>
                <![CDATA[secret_sauce]]>
              </value>
            </param>
            <param index="2">
              <value>
                <![CDATA[valid]]>
              </value>
            </param>
          </params>
          <reporter-output>
          </reporter-output>
        </test-method> <!-- loginTest -->
        <test-method signature="loginTest(java.lang.String,java.lang.String,java.lang.String)[pri:0, instance:datadriven.Datadriventestng@233795b6]" started-at="2024-06-30T13:09:16 MST" name="loginTest" data-provider="LoginData" finished-at="2024-06-30T13:09:16 MST" duration-ms="512" status="PASS">
          <params>
            <param index="0">
              <value>
                <![CDATA[locked_out_user]]>
              </value>
            </param>
            <param index="1">
              <value>
                <![CDATA[secret_sauce]]>
              </value>
            </param>
            <param index="2">
              <value>
                <![CDATA[invalid]]>
              </value>
            </param>
          </params>
          <reporter-output>
          </reporter-output>
        </test-method> <!-- loginTest -->
        <test-method signature="loginTest(java.lang.String,java.lang.String,java.lang.String)[pri:0, instance:datadriven.Datadriventestng@233795b6]" started-at="2024-06-30T13:09:16 MST" name="loginTest" data-provider="LoginData" finished-at="2024-06-30T13:09:17 MST" duration-ms="408" status="PASS">
          <params>
            <param index="0">
              <value>
                <![CDATA[problem_user]]>
              </value>
            </param>
            <param index="1">
              <value>
                <![CDATA[secret_sauce]]>
              </value>
            </param>
            <param index="2">
              <value>
                <![CDATA[invalid]]>
              </value>
            </param>
          </params>
          <reporter-output>
          </reporter-output>
        </test-method> <!-- loginTest -->
        <test-method signature="loginTest(java.lang.String,java.lang.String,java.lang.String)[pri:0, instance:datadriven.Datadriventestng@233795b6]" started-at="2024-06-30T13:09:17 MST" name="loginTest" data-provider="LoginData" finished-at="2024-06-30T13:09:22 MST" duration-ms="5487" status="PASS">
          <params>
            <param index="0">
              <value>
                <![CDATA[performance_glitch_user]]>
              </value>
            </param>
            <param index="1">
              <value>
                <![CDATA[secret_sauce]]>
              </value>
            </param>
            <param index="2">
              <value>
                <![CDATA[invalid]]>
              </value>
            </param>
          </params>
          <reporter-output>
          </reporter-output>
        </test-method> <!-- loginTest -->
        <test-method signature="loginTest(java.lang.String,java.lang.String,java.lang.String)[pri:0, instance:datadriven.Datadriventestng@233795b6]" started-at="2024-06-30T13:09:22 MST" name="loginTest" data-provider="LoginData" finished-at="2024-06-30T13:09:23 MST" duration-ms="383" status="PASS">
          <params>
            <param index="0">
              <value>
                <![CDATA[error_user]]>
              </value>
            </param>
            <param index="1">
              <value>
                <![CDATA[secret_sauce]]>
              </value>
            </param>
            <param index="2">
              <value>
                <![CDATA[invalid]]>
              </value>
            </param>
          </params>
          <reporter-output>
          </reporter-output>
        </test-method> <!-- loginTest -->
        <test-method signature="loginTest(java.lang.String,java.lang.String,java.lang.String)[pri:0, instance:datadriven.Datadriventestng@233795b6]" started-at="2024-06-30T13:09:23 MST" name="loginTest" data-provider="LoginData" finished-at="2024-06-30T13:09:23 MST" duration-ms="357" status="PASS">
          <params>
            <param index="0">
              <value>
                <![CDATA[visual_user]]>
              </value>
            </param>
            <param index="1">
              <value>
                <![CDATA[secret_sauce]]>
              </value>
            </param>
            <param index="2">
              <value>
                <![CDATA[invalid]]>
              </value>
            </param>
          </params>
          <reporter-output>
          </reporter-output>
        </test-method> <!-- loginTest -->
        <test-method is-config="true" signature="teardown()[pri:0, instance:datadriven.Datadriventestng@233795b6]" started-at="2024-06-30T13:09:23 MST" name="teardown" finished-at="2024-06-30T13:09:24 MST" duration-ms="422" status="PASS">
          <reporter-output>
          </reporter-output>
        </test-method> <!-- teardown -->
      </class> <!-- datadriven.Datadriventestng -->
    </test> <!-- Default test -->
  </suite> <!-- Default suite -->
</testng-results>
