<?xml version="1.0" encoding="UTF-8"?>
<!-- Generated by org.testng.reporters.JUnitXMLReporter -->
<testsuite ignored="3" hostname="cruz" failures="1" tests="1" name="Default test(failed)" time="0.104" errors="0" timestamp="2024-08-24T20:11:57 MDT">
  <testcase classname="myproect.TEST1" name="login" time="0.028">
    <failure type="java.lang.NullPointerException" message="Cannot invoke &amp;quot;org.openqa.selenium.WebDriver.findElement(org.openqa.selenium.By)&amp;quot; because &amp;quot;this.driver&amp;quot; is null">
      <![CDATA[java.lang.NullPointerException: Cannot invoke "org.openqa.selenium.WebDriver.findElement(org.openqa.selenium.By)" because "this.driver" is null
at myproect.TEST1.login(TEST1.java:37)
at java.base/java.util.ArrayList.forEach(ArrayList.java:1597)
... Removed 25 stack frames]]>
    </failure>
  </testcase> <!-- login -->
  <testcase classname="myproect.TEST1" name="logo" time="0.0">
    <ignored/>
  </testcase> <!-- logo -->
  <testcase classname="myproect.TEST1" name="RUN" time="0.0">
    <ignored/>
  </testcase> <!-- RUN -->
  <testcase classname="myproect.TEST1" name="openApp" time="0.0">
    <ignored/>
  </testcase> <!-- openApp -->
</testsuite> <!-- Default test(failed) -->
