<?xml version="1.0" encoding="UTF-8"?>
<testng-results ignored="0" total="2" passed="2" failed="0" skipped="0">
  <reporter-output>
  </reporter-output>
  <suite started-at="2024-06-25T17:48:38 MST" name="Surefire suite" finished-at="2024-06-25T17:48:38 MST" duration-ms="88">
    <groups>
    </groups>
    <test started-at="2024-06-25T17:48:38 MST" name="Surefire test" finished-at="2024-06-25T17:48:38 MST" duration-ms="88">
      <class name="com.sdet.AppTest">
        <test-method signature="TestLogin1()[pri:0, instance:com.sdet.AppTest@79efed2d]" started-at="2024-06-25T17:48:38 MST" name="TestLogin1" finished-at="2024-06-25T17:48:38 MST" duration-ms="23" status="PASS">
          <reporter-output>
          </reporter-output>
        </test-method> <!-- TestLogin1 -->
        <test-method signature="TestLogin2()[pri:0, instance:com.sdet.AppTest@79efed2d]" started-at="2024-06-25T17:48:38 MST" name="TestLogin2" finished-at="2024-06-25T17:48:38 MST" duration-ms="1" status="PASS">
          <reporter-output>
          </reporter-output>
        </test-method> <!-- TestLogin2 -->
      </class> <!-- com.sdet.AppTest -->
    </test> <!-- Surefire test -->
  </suite> <!-- Surefire suite -->
</testng-results>
